2025-10-01 12:45:11,520 - __main__ - INFO - Saving experiment artefacts to /home/zyc/HGNN-main/results/hypergcn
2025-10-01 12:45:15,666 - src.training.trainer - INFO - Model initialized with 55684 parameters
2025-10-01 12:45:17,304 - src.training.trainer - INFO - Epoch 1 | loss=1.4087 | val_accuracy=0.2786
2025-10-01 12:45:17,633 - src.training.trainer - INFO - Epoch 2 | loss=1.3652 | val_accuracy=0.2587
2025-10-01 12:45:17,960 - src.training.trainer - INFO - Epoch 3 | loss=1.3343 | val_accuracy=0.2587
2025-10-01 12:45:18,287 - src.training.trainer - INFO - Epoch 4 | loss=1.3069 | val_accuracy=0.2587
2025-10-01 12:45:18,613 - src.training.trainer - INFO - Epoch 5 | loss=1.2730 | val_accuracy=0.2637
2025-10-01 12:45:18,939 - src.training.trainer - INFO - Epoch 6 | loss=1.2391 | val_accuracy=0.3085
2025-10-01 12:45:19,268 - src.training.trainer - INFO - Epoch 7 | loss=1.2059 | val_accuracy=0.3284
2025-10-01 12:45:19,597 - src.training.trainer - INFO - Epoch 8 | loss=1.1715 | val_accuracy=0.3532
2025-10-01 12:45:19,925 - src.training.trainer - INFO - Epoch 9 | loss=1.1470 | val_accuracy=0.3980
2025-10-01 12:45:20,253 - src.training.trainer - INFO - Epoch 10 | loss=1.1224 | val_accuracy=0.4129
2025-10-01 12:45:20,581 - src.training.trainer - INFO - Epoch 11 | loss=1.0978 | val_accuracy=0.4279
2025-10-01 12:45:20,914 - src.training.trainer - INFO - Epoch 12 | loss=1.0825 | val_accuracy=0.4627
2025-10-01 12:45:21,241 - src.training.trainer - INFO - Epoch 13 | loss=1.0321 | val_accuracy=0.5622
2025-10-01 12:45:21,569 - src.training.trainer - INFO - Epoch 14 | loss=1.0155 | val_accuracy=0.5771
2025-10-01 12:45:21,898 - src.training.trainer - INFO - Epoch 15 | loss=0.9896 | val_accuracy=0.5771
2025-10-01 12:45:22,225 - src.training.trainer - INFO - Epoch 16 | loss=0.9814 | val_accuracy=0.5920
2025-10-01 12:45:22,552 - src.training.trainer - INFO - Epoch 17 | loss=0.9400 | val_accuracy=0.6269
2025-10-01 12:45:22,880 - src.training.trainer - INFO - Epoch 18 | loss=0.8938 | val_accuracy=0.6368
2025-10-01 12:45:23,207 - src.training.trainer - INFO - Epoch 19 | loss=0.8662 | val_accuracy=0.6617
2025-10-01 12:45:23,536 - src.training.trainer - INFO - Epoch 20 | loss=0.8525 | val_accuracy=0.6816
2025-10-01 12:45:23,864 - src.training.trainer - INFO - Epoch 21 | loss=0.8141 | val_accuracy=0.6816
2025-10-01 12:45:24,191 - src.training.trainer - INFO - Epoch 22 | loss=0.7761 | val_accuracy=0.7114
2025-10-01 12:45:24,520 - src.training.trainer - INFO - Epoch 23 | loss=0.7188 | val_accuracy=0.7363
2025-10-01 12:45:24,848 - src.training.trainer - INFO - Epoch 24 | loss=0.7131 | val_accuracy=0.7463
2025-10-01 12:45:25,176 - src.training.trainer - INFO - Epoch 25 | loss=0.6814 | val_accuracy=0.7761
2025-10-01 12:45:25,504 - src.training.trainer - INFO - Epoch 26 | loss=0.6472 | val_accuracy=0.7861
2025-10-01 12:45:25,833 - src.training.trainer - INFO - Epoch 27 | loss=0.6607 | val_accuracy=0.7413
2025-10-01 12:45:26,159 - src.training.trainer - INFO - Epoch 28 | loss=0.6255 | val_accuracy=0.7463
2025-10-01 12:45:26,487 - src.training.trainer - INFO - Epoch 29 | loss=0.6143 | val_accuracy=0.7711
2025-10-01 12:45:26,815 - src.training.trainer - INFO - Epoch 30 | loss=0.6111 | val_accuracy=0.7960
2025-10-01 12:45:27,144 - src.training.trainer - INFO - Epoch 31 | loss=0.5659 | val_accuracy=0.8159
2025-10-01 12:45:27,471 - src.training.trainer - INFO - Epoch 32 | loss=0.5482 | val_accuracy=0.8209
2025-10-01 12:45:27,800 - src.training.trainer - INFO - Epoch 33 | loss=0.5455 | val_accuracy=0.8109
2025-10-01 12:45:28,125 - src.training.trainer - INFO - Epoch 34 | loss=0.5355 | val_accuracy=0.7910
2025-10-01 12:45:28,453 - src.training.trainer - INFO - Epoch 35 | loss=0.5213 | val_accuracy=0.7910
2025-10-01 12:45:28,779 - src.training.trainer - INFO - Epoch 36 | loss=0.5163 | val_accuracy=0.7811
2025-10-01 12:45:29,105 - src.training.trainer - INFO - Epoch 37 | loss=0.5219 | val_accuracy=0.7910
2025-10-01 12:45:29,431 - src.training.trainer - INFO - Epoch 38 | loss=0.5192 | val_accuracy=0.7960
2025-10-01 12:45:29,758 - src.training.trainer - INFO - Epoch 39 | loss=0.4784 | val_accuracy=0.8060
2025-10-01 12:45:30,085 - src.training.trainer - INFO - Epoch 40 | loss=0.5025 | val_accuracy=0.8109
2025-10-01 12:45:30,411 - src.training.trainer - INFO - Epoch 41 | loss=0.5103 | val_accuracy=0.7910
2025-10-01 12:45:30,739 - src.training.trainer - INFO - Epoch 42 | loss=0.4747 | val_accuracy=0.7761
2025-10-01 12:45:31,065 - src.training.trainer - INFO - Epoch 43 | loss=0.4774 | val_accuracy=0.7811
2025-10-01 12:45:31,392 - src.training.trainer - INFO - Epoch 44 | loss=0.4847 | val_accuracy=0.7811
2025-10-01 12:45:31,719 - src.training.trainer - INFO - Epoch 45 | loss=0.4780 | val_accuracy=0.8159
2025-10-01 12:45:32,046 - src.training.trainer - INFO - Epoch 46 | loss=0.4691 | val_accuracy=0.8209
2025-10-01 12:45:32,372 - src.training.trainer - INFO - Epoch 47 | loss=0.4448 | val_accuracy=0.8358
2025-10-01 12:45:32,700 - src.training.trainer - INFO - Epoch 48 | loss=0.4848 | val_accuracy=0.8358
2025-10-01 12:45:33,026 - src.training.trainer - INFO - Epoch 49 | loss=0.4605 | val_accuracy=0.8060
2025-10-01 12:45:33,354 - src.training.trainer - INFO - Epoch 50 | loss=0.4414 | val_accuracy=0.8109
2025-10-01 12:45:33,680 - src.training.trainer - INFO - Epoch 51 | loss=0.4313 | val_accuracy=0.8159
2025-10-01 12:45:34,007 - src.training.trainer - INFO - Epoch 52 | loss=0.4045 | val_accuracy=0.8308
2025-10-01 12:45:34,334 - src.training.trainer - INFO - Epoch 53 | loss=0.4479 | val_accuracy=0.8259
2025-10-01 12:45:34,661 - src.training.trainer - INFO - Epoch 54 | loss=0.4232 | val_accuracy=0.8308
2025-10-01 12:45:34,987 - src.training.trainer - INFO - Epoch 55 | loss=0.4242 | val_accuracy=0.8159
2025-10-01 12:45:35,324 - src.training.trainer - INFO - Epoch 56 | loss=0.4229 | val_accuracy=0.8010
2025-10-01 12:45:35,652 - src.training.trainer - INFO - Epoch 57 | loss=0.4091 | val_accuracy=0.7960
2025-10-01 12:45:35,978 - src.training.trainer - INFO - Epoch 58 | loss=0.4258 | val_accuracy=0.8010
2025-10-01 12:45:36,305 - src.training.trainer - INFO - Epoch 59 | loss=0.4130 | val_accuracy=0.8259
2025-10-01 12:45:36,631 - src.training.trainer - INFO - Epoch 60 | loss=0.3884 | val_accuracy=0.8458
2025-10-01 12:45:36,958 - src.training.trainer - INFO - Epoch 61 | loss=0.4006 | val_accuracy=0.8458
2025-10-01 12:45:37,285 - src.training.trainer - INFO - Epoch 62 | loss=0.3824 | val_accuracy=0.8358
2025-10-01 12:45:37,611 - src.training.trainer - INFO - Epoch 63 | loss=0.3861 | val_accuracy=0.8209
2025-10-01 12:45:37,939 - src.training.trainer - INFO - Epoch 64 | loss=0.3879 | val_accuracy=0.8159
2025-10-01 12:45:38,266 - src.training.trainer - INFO - Epoch 65 | loss=0.3791 | val_accuracy=0.8109
2025-10-01 12:45:38,593 - src.training.trainer - INFO - Epoch 66 | loss=0.3927 | val_accuracy=0.8209
2025-10-01 12:45:38,922 - src.training.trainer - INFO - Epoch 67 | loss=0.3896 | val_accuracy=0.8308
2025-10-01 12:45:39,249 - src.training.trainer - INFO - Epoch 68 | loss=0.4149 | val_accuracy=0.8259
2025-10-01 12:45:39,576 - src.training.trainer - INFO - Epoch 69 | loss=0.3812 | val_accuracy=0.8109
2025-10-01 12:45:39,902 - src.training.trainer - INFO - Epoch 70 | loss=0.3713 | val_accuracy=0.7960
2025-10-01 12:45:40,229 - src.training.trainer - INFO - Epoch 71 | loss=0.3627 | val_accuracy=0.8060
2025-10-01 12:45:40,556 - src.training.trainer - INFO - Epoch 72 | loss=0.3725 | val_accuracy=0.8159
2025-10-01 12:45:40,883 - src.training.trainer - INFO - Epoch 73 | loss=0.3689 | val_accuracy=0.8060
2025-10-01 12:45:41,210 - src.training.trainer - INFO - Epoch 74 | loss=0.3407 | val_accuracy=0.8259
2025-10-01 12:45:41,536 - src.training.trainer - INFO - Epoch 75 | loss=0.3539 | val_accuracy=0.8408
2025-10-01 12:45:41,863 - src.training.trainer - INFO - Epoch 76 | loss=0.3440 | val_accuracy=0.8358
2025-10-01 12:45:42,190 - src.training.trainer - INFO - Epoch 77 | loss=0.3580 | val_accuracy=0.8308
2025-10-01 12:45:42,517 - src.training.trainer - INFO - Epoch 78 | loss=0.3468 | val_accuracy=0.8259
2025-10-01 12:45:42,845 - src.training.trainer - INFO - Epoch 79 | loss=0.3285 | val_accuracy=0.8259
2025-10-01 12:45:43,172 - src.training.trainer - INFO - Epoch 80 | loss=0.3320 | val_accuracy=0.8259
2025-10-01 12:45:43,172 - src.training.trainer - INFO - Early stopping triggered at epoch 80
2025-10-01 12:46:34,084 - src.training.trainer - INFO - Training complete. Test accuracy=0.8713
2025-10-01 12:46:36,983 - __main__ - INFO - Saved metrics report to results/hypergcn/reports/metrics.json
