2025-10-01 12:47:01,287 - __main__ - INFO - Saving experiment artefacts to /home/zyc/HGNN-main/results/unignn
2025-10-01 12:47:05,395 - src.training.trainer - INFO - Model initialized with 132196 parameters
2025-10-01 12:47:06,886 - src.training.trainer - INFO - Epoch 1 | loss=1.3932 | val_accuracy=0.3333
2025-10-01 12:47:07,100 - src.training.trainer - INFO - Epoch 2 | loss=1.3155 | val_accuracy=0.3632
2025-10-01 12:47:07,312 - src.training.trainer - INFO - Epoch 3 | loss=1.2346 | val_accuracy=0.4378
2025-10-01 12:47:07,524 - src.training.trainer - INFO - Epoch 4 | loss=1.1816 | val_accuracy=0.4627
2025-10-01 12:47:07,735 - src.training.trainer - INFO - Epoch 5 | loss=1.1252 | val_accuracy=0.4677
2025-10-01 12:47:07,948 - src.training.trainer - INFO - Epoch 6 | loss=1.0709 | val_accuracy=0.5124
2025-10-01 12:47:08,161 - src.training.trainer - INFO - Epoch 7 | loss=1.0325 | val_accuracy=0.5522
2025-10-01 12:47:08,372 - src.training.trainer - INFO - Epoch 8 | loss=1.0057 | val_accuracy=0.5572
2025-10-01 12:47:08,583 - src.training.trainer - INFO - Epoch 9 | loss=0.9613 | val_accuracy=0.5672
2025-10-01 12:47:08,795 - src.training.trainer - INFO - Epoch 10 | loss=0.9153 | val_accuracy=0.6070
2025-10-01 12:47:09,008 - src.training.trainer - INFO - Epoch 11 | loss=0.9054 | val_accuracy=0.6318
2025-10-01 12:47:09,220 - src.training.trainer - INFO - Epoch 12 | loss=0.8792 | val_accuracy=0.6418
2025-10-01 12:47:09,432 - src.training.trainer - INFO - Epoch 13 | loss=0.8414 | val_accuracy=0.6418
2025-10-01 12:47:09,643 - src.training.trainer - INFO - Epoch 14 | loss=0.8148 | val_accuracy=0.6567
2025-10-01 12:47:09,856 - src.training.trainer - INFO - Epoch 15 | loss=0.7938 | val_accuracy=0.6716
2025-10-01 12:47:10,067 - src.training.trainer - INFO - Epoch 16 | loss=0.7802 | val_accuracy=0.6716
2025-10-01 12:47:10,278 - src.training.trainer - INFO - Epoch 17 | loss=0.7604 | val_accuracy=0.6766
2025-10-01 12:47:10,489 - src.training.trainer - INFO - Epoch 18 | loss=0.7475 | val_accuracy=0.6866
2025-10-01 12:47:10,701 - src.training.trainer - INFO - Epoch 19 | loss=0.7251 | val_accuracy=0.7114
2025-10-01 12:47:10,912 - src.training.trainer - INFO - Epoch 20 | loss=0.7062 | val_accuracy=0.7164
2025-10-01 12:47:11,124 - src.training.trainer - INFO - Epoch 21 | loss=0.6927 | val_accuracy=0.7164
2025-10-01 12:47:11,333 - src.training.trainer - INFO - Epoch 22 | loss=0.6697 | val_accuracy=0.7015
2025-10-01 12:47:11,544 - src.training.trainer - INFO - Epoch 23 | loss=0.6588 | val_accuracy=0.7164
2025-10-01 12:47:11,754 - src.training.trainer - INFO - Epoch 24 | loss=0.6503 | val_accuracy=0.7363
2025-10-01 12:47:11,967 - src.training.trainer - INFO - Epoch 25 | loss=0.6489 | val_accuracy=0.7463
2025-10-01 12:47:12,180 - src.training.trainer - INFO - Epoch 26 | loss=0.6418 | val_accuracy=0.7363
2025-10-01 12:47:12,390 - src.training.trainer - INFO - Epoch 27 | loss=0.5956 | val_accuracy=0.7463
2025-10-01 12:47:12,600 - src.training.trainer - INFO - Epoch 28 | loss=0.6132 | val_accuracy=0.7363
2025-10-01 12:47:12,811 - src.training.trainer - INFO - Epoch 29 | loss=0.5927 | val_accuracy=0.7562
2025-10-01 12:47:13,022 - src.training.trainer - INFO - Epoch 30 | loss=0.5657 | val_accuracy=0.7662
2025-10-01 12:47:13,233 - src.training.trainer - INFO - Epoch 31 | loss=0.5715 | val_accuracy=0.7910
2025-10-01 12:47:13,446 - src.training.trainer - INFO - Epoch 32 | loss=0.5408 | val_accuracy=0.7960
2025-10-01 12:47:13,658 - src.training.trainer - INFO - Epoch 33 | loss=0.5273 | val_accuracy=0.7761
2025-10-01 12:47:13,868 - src.training.trainer - INFO - Epoch 34 | loss=0.5423 | val_accuracy=0.7861
2025-10-01 12:47:14,077 - src.training.trainer - INFO - Epoch 35 | loss=0.5126 | val_accuracy=0.8060
2025-10-01 12:47:14,289 - src.training.trainer - INFO - Epoch 36 | loss=0.4967 | val_accuracy=0.8109
2025-10-01 12:47:14,500 - src.training.trainer - INFO - Epoch 37 | loss=0.4823 | val_accuracy=0.7960
2025-10-01 12:47:14,710 - src.training.trainer - INFO - Epoch 38 | loss=0.4842 | val_accuracy=0.7811
2025-10-01 12:47:14,919 - src.training.trainer - INFO - Epoch 39 | loss=0.4647 | val_accuracy=0.7811
2025-10-01 12:47:15,130 - src.training.trainer - INFO - Epoch 40 | loss=0.4625 | val_accuracy=0.8010
2025-10-01 12:47:15,340 - src.training.trainer - INFO - Epoch 41 | loss=0.4612 | val_accuracy=0.7861
2025-10-01 12:47:15,549 - src.training.trainer - INFO - Epoch 42 | loss=0.4482 | val_accuracy=0.8109
2025-10-01 12:47:15,760 - src.training.trainer - INFO - Epoch 43 | loss=0.4399 | val_accuracy=0.8209
2025-10-01 12:47:15,971 - src.training.trainer - INFO - Epoch 44 | loss=0.4259 | val_accuracy=0.8010
2025-10-01 12:47:16,182 - src.training.trainer - INFO - Epoch 45 | loss=0.4272 | val_accuracy=0.8010
2025-10-01 12:47:16,391 - src.training.trainer - INFO - Epoch 46 | loss=0.4316 | val_accuracy=0.7861
2025-10-01 12:47:16,603 - src.training.trainer - INFO - Epoch 47 | loss=0.4070 | val_accuracy=0.8060
2025-10-01 12:47:16,815 - src.training.trainer - INFO - Epoch 48 | loss=0.4077 | val_accuracy=0.8010
2025-10-01 12:47:17,024 - src.training.trainer - INFO - Epoch 49 | loss=0.3974 | val_accuracy=0.8060
2025-10-01 12:47:17,235 - src.training.trainer - INFO - Epoch 50 | loss=0.4212 | val_accuracy=0.8209
2025-10-01 12:47:17,446 - src.training.trainer - INFO - Epoch 51 | loss=0.4007 | val_accuracy=0.8010
2025-10-01 12:47:17,656 - src.training.trainer - INFO - Epoch 52 | loss=0.3998 | val_accuracy=0.8209
2025-10-01 12:47:17,867 - src.training.trainer - INFO - Epoch 53 | loss=0.3854 | val_accuracy=0.8259
2025-10-01 12:47:18,080 - src.training.trainer - INFO - Epoch 54 | loss=0.3991 | val_accuracy=0.8259
2025-10-01 12:47:18,291 - src.training.trainer - INFO - Epoch 55 | loss=0.3725 | val_accuracy=0.8109
2025-10-01 12:47:18,502 - src.training.trainer - INFO - Epoch 56 | loss=0.3956 | val_accuracy=0.8458
2025-10-01 12:47:18,714 - src.training.trainer - INFO - Epoch 57 | loss=0.3749 | val_accuracy=0.8259
2025-10-01 12:47:18,923 - src.training.trainer - INFO - Epoch 58 | loss=0.3627 | val_accuracy=0.8408
2025-10-01 12:47:19,133 - src.training.trainer - INFO - Epoch 59 | loss=0.3641 | val_accuracy=0.8109
2025-10-01 12:47:19,342 - src.training.trainer - INFO - Epoch 60 | loss=0.3538 | val_accuracy=0.8109
2025-10-01 12:47:19,552 - src.training.trainer - INFO - Epoch 61 | loss=0.3698 | val_accuracy=0.8358
2025-10-01 12:47:19,762 - src.training.trainer - INFO - Epoch 62 | loss=0.3348 | val_accuracy=0.8259
2025-10-01 12:47:19,973 - src.training.trainer - INFO - Epoch 63 | loss=0.3561 | val_accuracy=0.8458
2025-10-01 12:47:20,183 - src.training.trainer - INFO - Epoch 64 | loss=0.3474 | val_accuracy=0.8358
2025-10-01 12:47:20,392 - src.training.trainer - INFO - Epoch 65 | loss=0.3380 | val_accuracy=0.8209
2025-10-01 12:47:20,603 - src.training.trainer - INFO - Epoch 66 | loss=0.3351 | val_accuracy=0.8308
2025-10-01 12:47:20,814 - src.training.trainer - INFO - Epoch 67 | loss=0.3429 | val_accuracy=0.8507
2025-10-01 12:47:21,024 - src.training.trainer - INFO - Epoch 68 | loss=0.3278 | val_accuracy=0.8458
2025-10-01 12:47:21,234 - src.training.trainer - INFO - Epoch 69 | loss=0.3174 | val_accuracy=0.8308
2025-10-01 12:47:21,443 - src.training.trainer - INFO - Epoch 70 | loss=0.3249 | val_accuracy=0.8159
2025-10-01 12:47:21,660 - src.training.trainer - INFO - Epoch 71 | loss=0.3103 | val_accuracy=0.8159
2025-10-01 12:47:21,869 - src.training.trainer - INFO - Epoch 72 | loss=0.3167 | val_accuracy=0.8259
2025-10-01 12:47:22,079 - src.training.trainer - INFO - Epoch 73 | loss=0.3238 | val_accuracy=0.8358
2025-10-01 12:47:22,290 - src.training.trainer - INFO - Epoch 74 | loss=0.3047 | val_accuracy=0.8458
2025-10-01 12:47:22,499 - src.training.trainer - INFO - Epoch 75 | loss=0.3043 | val_accuracy=0.8358
2025-10-01 12:47:22,709 - src.training.trainer - INFO - Epoch 76 | loss=0.3180 | val_accuracy=0.8507
2025-10-01 12:47:22,920 - src.training.trainer - INFO - Epoch 77 | loss=0.2995 | val_accuracy=0.8408
2025-10-01 12:47:23,131 - src.training.trainer - INFO - Epoch 78 | loss=0.3129 | val_accuracy=0.8308
2025-10-01 12:47:23,340 - src.training.trainer - INFO - Epoch 79 | loss=0.3197 | val_accuracy=0.8259
2025-10-01 12:47:23,550 - src.training.trainer - INFO - Epoch 80 | loss=0.2906 | val_accuracy=0.8408
2025-10-01 12:47:23,760 - src.training.trainer - INFO - Epoch 81 | loss=0.2844 | val_accuracy=0.8408
2025-10-01 12:47:23,971 - src.training.trainer - INFO - Epoch 82 | loss=0.2901 | val_accuracy=0.8507
2025-10-01 12:47:24,182 - src.training.trainer - INFO - Epoch 83 | loss=0.2932 | val_accuracy=0.8358
2025-10-01 12:47:24,392 - src.training.trainer - INFO - Epoch 84 | loss=0.2830 | val_accuracy=0.8458
2025-10-01 12:47:24,602 - src.training.trainer - INFO - Epoch 85 | loss=0.2705 | val_accuracy=0.8607
2025-10-01 12:47:24,814 - src.training.trainer - INFO - Epoch 86 | loss=0.2690 | val_accuracy=0.8607
2025-10-01 12:47:25,023 - src.training.trainer - INFO - Epoch 87 | loss=0.2598 | val_accuracy=0.8557
2025-10-01 12:47:25,232 - src.training.trainer - INFO - Epoch 88 | loss=0.2646 | val_accuracy=0.8507
2025-10-01 12:47:25,443 - src.training.trainer - INFO - Epoch 89 | loss=0.2688 | val_accuracy=0.8458
2025-10-01 12:47:25,654 - src.training.trainer - INFO - Epoch 90 | loss=0.2562 | val_accuracy=0.8408
2025-10-01 12:47:25,865 - src.training.trainer - INFO - Epoch 91 | loss=0.2664 | val_accuracy=0.8607
2025-10-01 12:47:26,075 - src.training.trainer - INFO - Epoch 92 | loss=0.2631 | val_accuracy=0.8607
2025-10-01 12:47:26,286 - src.training.trainer - INFO - Epoch 93 | loss=0.2562 | val_accuracy=0.8458
2025-10-01 12:47:26,496 - src.training.trainer - INFO - Epoch 94 | loss=0.2514 | val_accuracy=0.8507
2025-10-01 12:47:26,705 - src.training.trainer - INFO - Epoch 95 | loss=0.2584 | val_accuracy=0.8607
2025-10-01 12:47:26,915 - src.training.trainer - INFO - Epoch 96 | loss=0.2492 | val_accuracy=0.8607
2025-10-01 12:47:27,126 - src.training.trainer - INFO - Epoch 97 | loss=0.2376 | val_accuracy=0.8458
2025-10-01 12:47:27,335 - src.training.trainer - INFO - Epoch 98 | loss=0.2543 | val_accuracy=0.8557
2025-10-01 12:47:27,545 - src.training.trainer - INFO - Epoch 99 | loss=0.2446 | val_accuracy=0.8557
2025-10-01 12:47:27,755 - src.training.trainer - INFO - Epoch 100 | loss=0.2503 | val_accuracy=0.8607
2025-10-01 12:48:26,504 - src.training.trainer - INFO - Training complete. Test accuracy=0.9109
2025-10-01 12:48:29,420 - __main__ - INFO - Saved metrics report to results/unignn/reports/metrics.json
